==129761== Memcheck, a memory error detector
==129761== Copyright (C) 2002-2017, and GNU GPL'd, by Julian Seward et al.
==129761== Using Valgrind-3.18.1 and LibVEX; rerun with -h for copyright info
==129761== Command: ./minishell
==129761== Parent PID: 127623
==129761== 
==129763== 
==129763== HEAP SUMMARY:
==129763==     in use at exit: 208,195 bytes in 222 blocks
==129763==   total heap usage: 835 allocs, 613 frees, 246,556 bytes allocated
==129763== 
==129763== LEAK SUMMARY:
==129763==    definitely lost: 0 bytes in 0 blocks
==129763==    indirectly lost: 0 bytes in 0 blocks
==129763==      possibly lost: 0 bytes in 0 blocks
==129763==    still reachable: 0 bytes in 0 blocks
==129763==         suppressed: 208,195 bytes in 222 blocks
==129763== 
==129763== For lists of detected and suppressed errors, rerun with: -s
==129763== ERROR SUMMARY: 0 errors from 0 contexts (suppressed: 0 from 0)
==129765== 
==129765== HEAP SUMMARY:
==129765==     in use at exit: 208,477 bytes in 227 blocks
==129765==   total heap usage: 1,012 allocs, 785 frees, 248,543 bytes allocated
==129765== 
==129765== LEAK SUMMARY:
==129765==    definitely lost: 0 bytes in 0 blocks
==129765==    indirectly lost: 0 bytes in 0 blocks
==129765==      possibly lost: 0 bytes in 0 blocks
==129765==    still reachable: 0 bytes in 0 blocks
==129765==         suppressed: 208,477 bytes in 227 blocks
==129765== 
==129765== For lists of detected and suppressed errors, rerun with: -s
==129765== ERROR SUMMARY: 0 errors from 0 contexts (suppressed: 0 from 0)
==129767== 
==129767== HEAP SUMMARY:
==129767==     in use at exit: 208,477 bytes in 227 blocks
==129767==   total heap usage: 1,184 allocs, 957 frees, 250,204 bytes allocated
==129767== 
==129767== LEAK SUMMARY:
==129767==    definitely lost: 0 bytes in 0 blocks
==129767==    indirectly lost: 0 bytes in 0 blocks
==129767==      possibly lost: 0 bytes in 0 blocks
==129767==    still reachable: 0 bytes in 0 blocks
==129767==         suppressed: 208,477 bytes in 227 blocks
==129767== 
==129767== For lists of detected and suppressed errors, rerun with: -s
==129767== ERROR SUMMARY: 0 errors from 0 contexts (suppressed: 0 from 0)
==129769== 
==129769== HEAP SUMMARY:
==129769==     in use at exit: 208,678 bytes in 230 blocks
==129769==   total heap usage: 1,358 allocs, 1,128 frees, 252,158 bytes allocated
==129769== 
==129769== LEAK SUMMARY:
==129769==    definitely lost: 0 bytes in 0 blocks
==129769==    indirectly lost: 0 bytes in 0 blocks
==129769==      possibly lost: 0 bytes in 0 blocks
==129769==    still reachable: 0 bytes in 0 blocks
==129769==         suppressed: 208,678 bytes in 230 blocks
==129769== 
==129769== For lists of detected and suppressed errors, rerun with: -s
==129769== ERROR SUMMARY: 0 errors from 0 contexts (suppressed: 0 from 0)
==129761== 
==129761== HEAP SUMMARY:
==129761==     in use at exit: 208,653 bytes in 228 blocks
==129761==   total heap usage: 1,352 allocs, 1,124 frees, 248,281 bytes allocated
==129761== 
==129761== LEAK SUMMARY:
==129761==    definitely lost: 0 bytes in 0 blocks
==129761==    indirectly lost: 0 bytes in 0 blocks
==129761==      possibly lost: 0 bytes in 0 blocks
==129761==    still reachable: 0 bytes in 0 blocks
==129761==         suppressed: 208,653 bytes in 228 blocks
==129761== 
==129761== For lists of detected and suppressed errors, rerun with: -s
==129761== ERROR SUMMARY: 0 errors from 0 contexts (suppressed: 0 from 0)
